<?xml version="1.0" encoding="UTF-8"?>
<testsuite name="Test" tests="7" skipped="0" failures="0" errors="0" timestamp="2023-02-17T23:35:30" hostname="MORPHICMIND" time="0.087">
  <properties/>
  <testcase name="T ∨ F to true()" classname="Test" time="0.06"/>
  <testcase name="T ∧ F to false()" classname="Test" time="0.012"/>
  <testcase name="X ∧ ¬X evaluates to false()" classname="Test" time="0.002"/>
  <testcase name="¬F returns T()" classname="Test" time="0.002"/>
  <testcase name="(T ∧ F) to false()" classname="Test" time="0.003"/>
  <testcase name="¬T returns F()" classname="Test" time="0.002"/>
  <testcase name="(T ∧ F) ∨ T evaluates to true()" classname="Test" time="0.001"/>
  <system-out><![CDATA[]]></system-out>
  <system-err><![CDATA[]]></system-err>
</testsuite>
