<?xml version="1.0" encoding="UTF-8"?>
<testsuite name="Test" tests="1" skipped="0" failures="0" errors="0" timestamp="2023-02-17T20:55:07" hostname="MORPHICMIND" time="0.059">
  <properties/>
  <testcase name="(T ∧ F) ∨ T evaluates to true()" classname="Test" time="0.059"/>
  <system-out><![CDATA[F?T
]]></system-out>
  <system-err><![CDATA[]]></system-err>
</testsuite>
