<?xml version="1.0" encoding="UTF-8"?>
<testsuite name="Test" tests="1" skipped="0" failures="0" errors="0" timestamp="2023-02-18T01:37:05" hostname="MORPHICMIND" time="0.083">
  <properties/>
  <testcase name="setVariable F,T or 0-9 throws exception()" classname="Test" time="0.083"/>
  <system-out><![CDATA[]]></system-out>
  <system-err><![CDATA[]]></system-err>
</testsuite>
