<?xml version="1.0" encoding="UTF-8"?>
<testsuite name="Test" tests="1" skipped="0" failures="0" errors="0" timestamp="2023-02-18T00:45:22" hostname="MORPHICMIND" time="0.046">
  <properties/>
  <testcase name="X ∧ ¬X evaluates to false()" classname="Test" time="0.046"/>
  <system-out><![CDATA[]]></system-out>
  <system-err><![CDATA[]]></system-err>
</testsuite>
