<?xml version="1.0" encoding="UTF-8"?>
<testsuite name="Test" tests="9" skipped="0" failures="0" errors="0" timestamp="2023-02-18T08:44:42" hostname="MORPHICMIND" time="0.088">
  <properties/>
  <testcase name="T ∨ F to true()" classname="Test" time="0.055"/>
  <testcase name="setVariable F,T or 0-9 throws exception()" classname="Test" time="0.006"/>
  <testcase name="X ∧ ¬X throws exception when setVariable is unused()" classname="Test" time="0.003"/>
  <testcase name="T ∧ F to false()" classname="Test" time="0.004"/>
  <testcase name="X ∧ ¬X evaluates to false()" classname="Test" time="0.002"/>
  <testcase name="¬F returns T()" classname="Test" time="0.002"/>
  <testcase name="(T ∧ F) to false()" classname="Test" time="0.002"/>
  <testcase name="¬T returns F()" classname="Test" time="0.002"/>
  <testcase name="(T ∧ F) ∨ T evaluates to true()" classname="Test" time="0.002"/>
  <system-out><![CDATA[]]></system-out>
  <system-err><![CDATA[]]></system-err>
</testsuite>
